{
  "RSpec": {
    "coverage": {
      "/home/artem-ubuntu/chainpoint-app/spec/controllers/badges_controller_spec.rb": {
        "lines": [
          1,
          null,
          1,
          3,
          3,
          null,
          1,
          null,
          1,
          1,
          null,
          1,
          1,
          null,
          1,
          1,
          null,
          null,
          null,
          1,
          1,
          1,
          1,
          null,
          null,
          1,
          1,
          null,
          1,
          null,
          null,
          null,
          1,
          1,
          1,
          null,
          null,
          1,
          1,
          null,
          1,
          null,
          null,
          null,
          null
        ]
      },
      "/home/artem-ubuntu/chainpoint-app/spec/libs/chain_point/api_request/retrieve_badge_spec.rb": {
        "lines": [
          1,
          null,
          1,
          null,
          null
        ]
      },
      "/home/artem-ubuntu/chainpoint-app/spec/libs/chain_point/api_request/submit_badge_spec.rb": {
        "lines": [
          1,
          null,
          1,
          6,
          4,
          3,
          null,
          4,
          null,
          1,
          1,
          1,
          1,
          null,
          null,
          null,
          null,
          1,
          1,
          null,
          null,
          null,
          1,
          1,
          1,
          null,
          1,
          null,
          null,
          null,
          1,
          1,
          1,
          null,
          null,
          1,
          null,
          null,
          null,
          null,
          1,
          3,
          null,
          1,
          2,
          null,
          null,
          1,
          1,
          null,
          1,
          null,
          1,
          null,
          null,
          1,
          1,
          null,
          1,
          null,
          1,
          null,
          null,
          null
        ]
      },
      "/home/artem-ubuntu/chainpoint-app/spec/libs/chain_point/api_request_spec.rb": {
        "lines": [
          1,
          null,
          1,
          2,
          null,
          2,
          null,
          1,
          1,
          2,
          null,
          null,
          null
        ]
      },
      "/home/artem-ubuntu/chainpoint-app/spec/libs/chain_point/prepare_data/to_retrieve_badge_spec.rb": {
        "lines": [
          1,
          null,
          1,
          null,
          null
        ]
      },
      "/home/artem-ubuntu/chainpoint-app/spec/libs/chain_point/prepare_data/to_submit_badge_spec.rb": {
        "lines": [
          1,
          null,
          1,
          5,
          2,
          4,
          3,
          null,
          5,
          null,
          1,
          3,
          null,
          1,
          1,
          1,
          null,
          null,
          null,
          1,
          1,
          1,
          null,
          null,
          null,
          1,
          1,
          1,
          null,
          1,
          null,
          null,
          null,
          null,
          1,
          1,
          1,
          1,
          1,
          null,
          null,
          1,
          1,
          1,
          1,
          null,
          1,
          null,
          null,
          null
        ]
      },
      "/home/artem-ubuntu/chainpoint-app/spec/libs/chain_point/prepare_data_spec.rb": {
        "lines": [
          1,
          null,
          1,
          2,
          null,
          2,
          null,
          1,
          1,
          2,
          null,
          null,
          null
        ]
      }
    },
    "timestamp": 1630160868
  }
}
